[backblue.gif]
[fade.gif]
[index.html]
[shifthtml.themerex.net/portfolio.0.delayed]
[shifthtml.themerex.net/images/favicon.ico]
[shifthtml.themerex.net/images_post/bigstock-Big-green-alarm-clock-on-dark-44881654-504x348.jpg]
[shifthtml.themerex.net/images_post/bigstock-Portrait-Of-A-Beautiful-Mature-7014470-234x234.jpg]
[shifthtml.themerex.net/cdn-cgi/l/email-protection.html]
[shifthtml.themerex.net/images_post/bigstock-Laying-retriever-44861077.jpg]
[shifthtml.themerex.net/images_post/bigstock-Beautiful-young-woman-jumping-15095405.jpg]
[shifthtml.themerex.net/images_post/bigstock-Laying-retriever-44861077-504x348.jpg]
[shifthtml.themerex.net/images_post/bigstock-Beautiful-young-woman-jumping-15095405-504x348.jpg]
[shifthtml.themerex.net/images_post/bigstock-Cheerful-red-haired-girl-15330950.jpg]
[shifthtml.themerex.net/images_post/bigstock-Cheerful-red-haired-girl-15330950-504x348.jpg]
[shifthtml.themerex.net/images_post/bigstock-beautiful-young-woman-in-bikin-43332169.jpg]
[shifthtml.themerex.net/images_post/bigstock-beautiful-young-woman-in-bikin-43332169-504x348.jpg]
[shifthtml.themerex.net/images_post/bigstock-Happy-Black-Woman-12039302.jpg]
[shifthtml.themerex.net/images_post/bigstock-Beautiful-stylish-young-woman-38849389.jpg]
[shifthtml.themerex.net/images_post/bigstock-Happy-Black-Woman-12039302-504x348.jpg]
[shifthtml.themerex.net/images_post/bigstock-Female-tennis-player-7140367.jpg]
[shifthtml.themerex.net/images_post/bigstock-Beautiful-stylish-young-woman-38849389-504x348.jpg]
[shifthtml.themerex.net/images_post/bigstock-Female-tennis-player-7140367-504x348.jpg]
[shifthtml.themerex.net/images_post/bigstock-Close-up-image-of-an-office-wo-41874253-1024x682.jpg]
[shifthtml.themerex.net/images_post/bigstock-Freedom-happy-free-couple-in-31838090.jpg]
[shifthtml.themerex.net/images_post/bigstock-Close-up-image-of-an-office-wo-41874253-1024x682-504x348.jpg]
[shifthtml.themerex.net/images_post/bigstock-Freedom-happy-free-couple-in-31838090-504x348.jpg]
[shifthtml.themerex.net/images_post/bigstock-christmas-girl-young-beautifu-38594893.jpg]
[shifthtml.themerex.net/images_post/bigstock-christmas-girl-young-beautifu-38594893-504x348.jpg]
[shifthtml.themerex.net/js/jquery.min.js]
[shifthtml.themerex.net/js/jquery.tools.custom.js]
[shifthtml.themerex.net/images_post/bigstock-art-exhibition-28071347d.jpg]
[shifthtml.themerex.net/images_post/bigstock-art-exhibition-28071347d-504x348.jpg]
[shifthtml.themerex.net/images_post/bigstock-sensual-elegant-young-woman-in-34273394.jpg]
[shifthtml.themerex.net/images_post/bigstock-sensual-elegant-young-woman-in-34273394-504x348.jpg]
[shifthtml.themerex.net/images_post/bigstock-Sexy-woman-wearing-red-dress-36516409.jpg]
[shifthtml.themerex.net/js/jquery.flexslider.min.js]
[shifthtml.themerex.net/js/jquery.cookie.js]
[shifthtml.themerex.net/js/jquery.prettyPhoto.js]
[shifthtml.themerex.net/js/jquery.isotope.min.js]
[shifthtml.themerex.net/images_post/bigstock-Sexy-woman-wearing-red-dress-36516409-504x348.jpg]
[shifthtml.themerex.net/images_post/bigstock-Big-green-alarm-clock-on-dark-44881654.jpg]
[shifthtml.themerex.net/js/googlemap_init.js]
[shifthtml.themerex.net/js/jquery.qrcode-0.6.0.min.js]
[shifthtml.themerex.net/js/jquery.easing.js]
[shifthtml.themerex.net/js/mediaelement.min.js]
[shifthtml.themerex.net/js/jquery.reject.js]
[shifthtml.themerex.net/js/utils.js]
[shifthtml.themerex.net/index.html]
[shifthtml.themerex.net/js/lib.js]
[shifthtml.themerex.net/style/shift-settings.css]
[shifthtml.themerex.net/style/dark-theme.css]
[shifthtml.themerex.net/style/font-awesome/css/font-awesome.min.css]
[shifthtml.themerex.net/style/prettyPhoto.css]
[shifthtml.themerex.net/style/jquery.reject.css]
[shifthtml.themerex.net/style/mediaplayer.css]
[shifthtml.themerex.net/images/slider-caption1.png]
[shifthtml.themerex.net/images/bg/bg1.jpg]
[shifthtml.themerex.net/images/bg/bg2.jpg]
[shifthtml.themerex.net/images/bg/bg3.jpg]
[shifthtml.themerex.net/images/bg/pattern1.png]
[shifthtml.themerex.net/images/bg/pattern2.png]
[shifthtml.themerex.net/images/bg/pattern3.jpg]
[shifthtml.themerex.net/images/bg/pattern4.png]
[shifthtml.themerex.net/images/bg/pattern5.png]
[shifthtml.themerex.net/images/v_line.gif]
[shifthtml.themerex.net/images/list_marker.png]
[shifthtml.themerex.net/images/list_marker2.png]
[shifthtml.themerex.net/images/social_ico.png]
[shifthtml.themerex.net/images/header_controls.png]
[shifthtml.themerex.net/images/title_divider.gif]
[shifthtml.themerex.net/images/title_divider.png]
[shifthtml.themerex.net/images/line_hor.png]
[shifthtml.themerex.net/images/post_title_icon.png]
[shifthtml.themerex.net/images/section_marker.png]
[shifthtml.themerex.net/images/contact_icons.png]
[shifthtml.themerex.net/images/slider_controls.png]
[shifthtml.themerex.net/images/slider_controls_bg.png]
[shifthtml.themerex.net/images/level_bg.png]
[shifthtml.themerex.net/images/level_mask.png]
[shifthtml.themerex.net/images/close_message_button.gif]
[shifthtml.themerex.net/images/play_button.png]
[shifthtml.themerex.net/images/to_top.png]
[shifthtml.themerex.net/images/line_hor.gif]
[shifthtml.themerex.net/images/list-styles.png]
[shifthtml.themerex.net/style/style.css]
[shifthtml.themerex.net/style/responsive.css]
[shifthtml.themerex.net/index-2.html]
[shifthtml.themerex.net/author.html]
[shifthtml.themerex.net/images_post/girl.jpg]
[shifthtml.themerex.net/post-standart.html]
[shifthtml.themerex.net/images_post/bigstock-Smiling-girl-with-shopping-bag-36516358.jpg]
[shifthtml.themerex.net/post-slider.html]
[shifthtml.themerex.net/post-audio.html]
[shifthtml.themerex.net/post-video.html]
[shifthtml.themerex.net/images_post/bigstock-Sexy-woman-wearing-red-dress-36516409-1020x590.jpg]
[shifthtml.themerex.net/blog-category-arhive.html/index.html]
[shifthtml.themerex.net/post-link.html]
[shifthtml.themerex.net/blog-category-arhive.html]
[shifthtml.themerex.net/cdn-cgi/l/email-protection.html]
[shifthtml.themerex.net/style/print.css]
[shifthtml.themerex.net/print.html]
[shifthtml.themerex.net/images_post/ava.png]
[shifthtml.themerex.net/post-text.html]
[shifthtml.themerex.net/portfolio.html]
[shifthtml.themerex.net/style/shift-settings.css]
[shifthtml.themerex.net/images/header_controls_dark.png]
[shifthtml.themerex.net/images/level_mask_dark.png]
[shifthtml.themerex.net/images/level_bg_dark.png]
[shifthtml.themerex.net/images/v_line_dark.gif]
[shifthtml.themerex.net/images/line_hor_dark.gif]
[shifthtml.themerex.net/images/to-top-dark.png]
[shifthtml.themerex.net/style/dark-theme.css]
[shifthtml.themerex.net/style/font-awesome/font/fontawesome-webfontd41d.eot]
[shifthtml.themerex.net/style/font-awesome/font/fontawesome-webfonte63c.eot]
[shifthtml.themerex.net/style/font-awesome/font/fontawesome-webfonte63c.woff]
[shifthtml.themerex.net/style/font-awesome/font/fontawesome-webfonte63c.ttf]
[shifthtml.themerex.net/style/font-awesome/css/font-awesome.min.css]
[shifthtml.themerex.net/style/font-awesome/font/fontawesome-webfont.svg]
[shifthtml.themerex.net/images/prettyPhoto/default/sprite.51.delayed]
[shifthtml.themerex.net/images/prettyPhoto/default/sprite_x.png]
[shifthtml.themerex.net/images/prettyPhoto/default/sprite_y.png]
[shifthtml.themerex.net/images/prettyPhoto/default/sprite_next.png]
[shifthtml.themerex.net/images/prettyPhoto/default/sprite_prev.png]
[shifthtml.themerex.net/images/prettyPhoto/default/default_thumb.png]
[shifthtml.themerex.net/images/prettyPhoto/default/loader.gif]
[shifthtml.themerex.net/images/prettyPhoto/light_rounded/btnNext.png]
[shifthtml.themerex.net/images/prettyPhoto/light_rounded/btnPrevious.png]
[shifthtml.themerex.net/images/prettyPhoto/light_rounded/sprite.png]
[shifthtml.themerex.net/images/popup_buttons.png]
[shifthtml.themerex.net/images/prettyPhoto/dark_rounded/sprite.png]
[shifthtml.themerex.net/images/prettyPhoto/dark_rounded/contentPattern.png]
[shifthtml.themerex.net/images/prettyPhoto/dark_rounded/btnNext.png]
[shifthtml.themerex.net/images/prettyPhoto/dark_rounded/btnPrevious.png]
[shifthtml.themerex.net/images/prettyPhoto/dark_rounded/loader.gif]
[shifthtml.themerex.net/images/prettyPhoto/dark_square/loader.gif]
[shifthtml.themerex.net/images/prettyPhoto/dark_square/sprite.png]
[shifthtml.themerex.net/images/prettyPhoto/dark_square/btnNext.png]
[shifthtml.themerex.net/images/prettyPhoto/dark_square/btnPrevious.png]
[shifthtml.themerex.net/images/prettyPhoto/light_square/sprite.png]
[shifthtml.themerex.net/images/prettyPhoto/light_square/btnNext.png]
[shifthtml.themerex.net/images/prettyPhoto/light_square/btnPrevious.png]
[shifthtml.themerex.net/images/prettyPhoto/facebook/sprite.png]
[shifthtml.themerex.net/images/prettyPhoto/facebook/contentPatternTop.png]
[shifthtml.themerex.net/images/prettyPhoto/facebook/contentPatternLeft.png]
[shifthtml.themerex.net/images/prettyPhoto/facebook/contentPatternRight.png]
[shifthtml.themerex.net/images/prettyPhoto/facebook/294.gif]
[shifthtml.themerex.net/images/prettyPhoto/facebook/btnNext.png]
[shifthtml.themerex.net/images/prettyPhoto/facebook/btnPrevious.png]
[shifthtml.themerex.net/images/prettyPhoto/facebook/contentPatternBottom.png]
[shifthtml.themerex.net/images/buttons.png]
[shifthtml.themerex.net/images/prettyPhoto/facebook/default_thumbnail.gif]
[shifthtml.themerex.net/images/prettyPhoto/light_rounded/294.gif]
[shifthtml.themerex.net/style/prettyPhoto.css]
[shifthtml.themerex.net/style/jquery.reject.css]
[shifthtml.themerex.net/style/bigplay.svg]
[shifthtml.themerex.net/style/bigplay.png]
[shifthtml.themerex.net/style/loading.gif]
[shifthtml.themerex.net/style/controls.png]
[shifthtml.themerex.net/style/mediaplayer.css]
[shifthtml.themerex.net/images/title_divider.html]
[shifthtml.themerex.net/images/close_message_button.html]
[shifthtml.themerex.net/index-2.html]
[shifthtml.themerex.net/author.html]
[shifthtml.themerex.net/post-standart.html]
[shifthtml.themerex.net/post-slider.html]
[shifthtml.themerex.net/post-audio.html]
[shifthtml.themerex.net/post-video.html]
[shifthtml.themerex.net/blog-category-arhive.html/index.html]
[shifthtml.themerex.net/post-link.html]
[shifthtml.themerex.net/style/print.css]
[shifthtml.themerex.net/style/font-awesome/font/fontawesome-webfont.svg]
[shifthtml.themerex.net/images/prettyPhoto/default/sprite.html]
[shifthtml.themerex.net/images/prettyPhoto/default/sprite_x.html]
[shifthtml.themerex.net/images/prettyPhoto/default/sprite_y.html]
[shifthtml.themerex.net/images/prettyPhoto/default/sprite_next.html]
[shifthtml.themerex.net/images/prettyPhoto/default/sprite_prev.html]
[shifthtml.themerex.net/images/prettyPhoto/default/default_thumb.html]
[shifthtml.themerex.net/images/prettyPhoto/default/loader.html]
[shifthtml.themerex.net/images/prettyPhoto/light_rounded/btnNext.html]
[shifthtml.themerex.net/images/prettyPhoto/light_rounded/btnPrevious.html]
[shifthtml.themerex.net/images/prettyPhoto/light_rounded/sprite.html]
[shifthtml.themerex.net/images/popup_buttons.html]
[shifthtml.themerex.net/images/prettyPhoto/dark_rounded/sprite.html]
[shifthtml.themerex.net/images/prettyPhoto/dark_rounded/contentPattern.html]
[shifthtml.themerex.net/images/prettyPhoto/dark_rounded/btnNext.html]
[shifthtml.themerex.net/images/prettyPhoto/dark_rounded/btnPrevious.html]
[shifthtml.themerex.net/images/prettyPhoto/dark_rounded/loader.html]
[shifthtml.themerex.net/images/prettyPhoto/dark_square/loader.html]
[shifthtml.themerex.net/images/prettyPhoto/dark_square/sprite.html]
[shifthtml.themerex.net/images/prettyPhoto/dark_square/btnNext.html]
[shifthtml.themerex.net/images/prettyPhoto/dark_square/btnPrevious.html]
[shifthtml.themerex.net/images/prettyPhoto/light_square/sprite.html]
[shifthtml.themerex.net/images/prettyPhoto/light_square/btnNext.html]
[shifthtml.themerex.net/images/prettyPhoto/light_square/btnPrevious.html]
[shifthtml.themerex.net/images/prettyPhoto/facebook/sprite.html]
[shifthtml.themerex.net/images/prettyPhoto/facebook/contentPatternTop.html]
[shifthtml.themerex.net/images/prettyPhoto/facebook/contentPatternLeft.html]
[shifthtml.themerex.net/images/prettyPhoto/facebook/contentPatternRight.html]
[shifthtml.themerex.net/images/prettyPhoto/facebook/294.html]
[shifthtml.themerex.net/images/prettyPhoto/facebook/btnNext.html]
[shifthtml.themerex.net/images/prettyPhoto/facebook/btnPrevious.html]
[shifthtml.themerex.net/images/prettyPhoto/facebook/contentPatternBottom.html]
[shifthtml.themerex.net/images/buttons.html]
[shifthtml.themerex.net/images/prettyPhoto/facebook/default_thumbnail.html]
[shifthtml.themerex.net/images/prettyPhoto/light_rounded/294.html]
[shifthtml.themerex.net/style/bigplay.html]
[shifthtml.themerex.net/style/bigplay-2.html]
[shifthtml.themerex.net/style/loading.html]
[shifthtml.themerex.net/style/controls.html]
